#
# There is insufficient memory for the Java Runtime Environment to continue.
# Native memory allocation (mmap) failed to map 65536 bytes for Failed to commit metaspace.
# Possible reasons:
#   The system is out of physical RAM or swap space
#   The process is running with CompressedOops enabled, and the Java Heap may be blocking the growth of the native heap
# Possible solutions:
#   Reduce memory load on the system
#   Increase physical memory or swap space
#   Check if swap backing store is full
#   Decrease Java heap size (-Xmx/-Xms)
#   Decrease number of Java threads
#   Decrease Java thread stack sizes (-Xss)
#   Set larger code cache with -XX:ReservedCodeCacheSize=
#   JVM is running with Unscaled Compressed Oops mode in which the Java heap is
#     placed in the first 4GB address space. The Java Heap base address is the
#     maximum limit for the native heap growth. Please use -XX:HeapBaseMinAddress
#     to set the Java Heap base and to place the Java Heap above 4GB virtual address.
# This output file may be truncated or incomplete.
#
#  Out of Memory Error (virtualSpaceNode.cpp:110), pid=15984, tid=20876
#
# JRE version: Java(TM) SE Runtime Environment (17.0.1+12) (build 17.0.1+12-LTS-39)
# Java VM: Java HotSpot(TM) 64-Bit Server VM (17.0.1+12-LTS-39, mixed mode, sharing, tiered, compressed oops, compressed class ptrs, g1 gc, windows-amd64)
# No core dump will be written. Minidumps are not enabled by default on client versions of Windows
#

---------------  S U M M A R Y ------------

Command Line: -Dfile.encoding=GBK --module-path=D:\mysql\mysql-connector-java-8.0.26\mysql-connector-java-8.0.26.jar -XX:+ShowCodeDetailsInExceptionMessages bigwork.longin

Host: AMD Ryzen 5 2600 Six-Core Processor            , 12 cores, 7G,  Windows 10 , 64 bit Build 19041 (10.0.19041.1503)
Time: Tue Feb 22 20:07:13 2022  Windows 10 , 64 bit Build 19041 (10.0.19041.1503) elapsed time: 0.552184 seconds (0d 0h 0m 0s)

---------------  T H R E A D  ---------------

Current thread (0x000001db91fa1e90):  JavaThread "main" [_thread_in_vm, id=20876, stack(0x000000b942c00000,0x000000b942d00000)]

Stack: [0x000000b942c00000,0x000000b942d00000]
Native frames: (J=compiled Java code, j=interpreted, Vv=VM code, C=native code)
V  [jvm.dll+0x66fa1a]
V  [jvm.dll+0x7ce5a4]
V  [jvm.dll+0x7cfd4e]
V  [jvm.dll+0x7d03b3]
V  [jvm.dll+0x242b05]
V  [jvm.dll+0x7ca54b]
V  [jvm.dll+0x615b76]
V  [jvm.dll+0x615bda]
V  [jvm.dll+0x6183ea]
V  [jvm.dll+0x616516]
V  [jvm.dll+0x620187]
V  [jvm.dll+0x1e7dcb]
V  [jvm.dll+0x1e8305]
V  [jvm.dll+0x1e8d3f]
V  [jvm.dll+0x1de1f1]
V  [jvm.dll+0x537690]
V  [jvm.dll+0x1ee9d7]
V  [jvm.dll+0x748afb]
V  [jvm.dll+0x749ea2]
V  [jvm.dll+0x74a1d8]
V  [jvm.dll+0x23ae5e]
V  [jvm.dll+0x23b0af]
V  [jvm.dll+0x5554e8]
V  [jvm.dll+0x558350]
V  [jvm.dll+0x37f027]
V  [jvm.dll+0x37e67f]
C  0x000001db997ca602

Java frames: (J=compiled Java code, j=interpreted, Vv=VM code)
j  sun.awt.PlatformFont.<init>(Ljava/lang/String;I)V+4 java.desktop@17.0.1
j  sun.awt.windows.WFontPeer.<init>(Ljava/lang/String;I)V+3 java.desktop@17.0.1
j  sun.awt.windows.WToolkit.getFontPeer(Ljava/lang/String;I)Ljava/awt/peer/FontPeer;+48 java.desktop@17.0.1
j  java.awt.Font.getFontPeer()Ljava/awt/peer/FontPeer;+31 java.desktop@17.0.1
v  ~StubRoutines::call_stub
j  sun.awt.windows.WComponentPeer._setFont(Ljava/awt/Font;)V+0 java.desktop@17.0.1
j  sun.awt.windows.WComponentPeer.setFont(Ljava/awt/Font;)V+7 java.desktop@17.0.1
j  sun.awt.windows.WWindowPeer.initialize()V+42 java.desktop@17.0.1
j  sun.awt.windows.WFramePeer.initialize()V+1 java.desktop@17.0.1
j  sun.awt.windows.WComponentPeer.<init>(Ljava/awt/Component;)V+83 java.desktop@17.0.1
j  sun.awt.windows.WCanvasPeer.<init>(Ljava/awt/Component;)V+2 java.desktop@17.0.1
j  sun.awt.windows.WPanelPeer.<init>(Ljava/awt/Component;)V+2 java.desktop@17.0.1
j  sun.awt.windows.WWindowPeer.<init>(Ljava/awt/Window;)V+2 java.desktop@17.0.1
j  sun.awt.windows.WFramePeer.<init>(Ljava/awt/Frame;)V+2 java.desktop@17.0.1
j  sun.awt.windows.WToolkit.createFrame(Ljava/awt/Frame;)Ljava/awt/peer/FramePeer;+5 java.desktop@17.0.1
j  java.awt.Frame.addNotify()V+20 java.desktop@17.0.1
j  java.awt.Window.show()V+8 java.desktop@17.0.1
j  java.awt.Component.show(Z)V+5 java.desktop@17.0.1
j  java.awt.Component.setVisible(Z)V+2 java.desktop@17.0.1
j  java.awt.Window.setVisible(Z)V+2 java.desktop@17.0.1
j  bigwork.longin.<init>()V+228
j  bigwork.longin.main([Ljava/lang/String;)V+3
v  ~StubRoutines::call_stub

---------------  P R O C E S S  ---------------

Threads class SMR info:
_java_thread_list=0x000001dbb13d41a0, length=16, elements={
0x000001db91fa1e90, 0x000001dbb04a1b50, 0x000001dbb04a3070, 0x000001dbb04b9bd0,
0x000001dbb04ba490, 0x000001dbb04bb4f0, 0x000001dbb04c2210, 0x000001dbb04c5270,
0x000001dbb04c5fd0, 0x000001dbb04c8c90, 0x000001dbb0489370, 0x000001dbb11aee30,
0x000001dbb13537e0, 0x000001dbb12d9590, 0x000001dbb1354cc0, 0x000001dbb1281f00
}

Java Threads: ( => current thread )
=>0x000001db91fa1e90 JavaThread "main" [_thread_in_vm, id=20876, stack(0x000000b942c00000,0x000000b942d00000)]
  0x000001dbb04a1b50 JavaThread "Reference Handler" daemon [_thread_blocked, id=21364, stack(0x000000b943300000,0x000000b943400000)]
  0x000001dbb04a3070 JavaThread "Finalizer" daemon [_thread_blocked, id=20568, stack(0x000000b943400000,0x000000b943500000)]
  0x000001dbb04b9bd0 JavaThread "Signal Dispatcher" daemon [_thread_blocked, id=11112, stack(0x000000b943500000,0x000000b943600000)]
  0x000001dbb04ba490 JavaThread "Attach Listener" daemon [_thread_blocked, id=18100, stack(0x000000b943600000,0x000000b943700000)]
  0x000001dbb04bb4f0 JavaThread "Service Thread" daemon [_thread_blocked, id=944, stack(0x000000b943700000,0x000000b943800000)]
  0x000001dbb04c2210 JavaThread "Monitor Deflation Thread" daemon [_thread_blocked, id=12696, stack(0x000000b943800000,0x000000b943900000)]
  0x000001dbb04c5270 JavaThread "C2 CompilerThread0" daemon [_thread_blocked, id=3728, stack(0x000000b943900000,0x000000b943a00000)]
  0x000001dbb04c5fd0 JavaThread "C1 CompilerThread0" daemon [_thread_blocked, id=20924, stack(0x000000b943a00000,0x000000b943b00000)]
  0x000001dbb04c8c90 JavaThread "Sweeper thread" daemon [_thread_blocked, id=19492, stack(0x000000b943b00000,0x000000b943c00000)]
  0x000001dbb0489370 JavaThread "Common-Cleaner" daemon [_thread_blocked, id=13144, stack(0x000000b943c00000,0x000000b943d00000)]
  0x000001dbb11aee30 JavaThread "Notification Thread" daemon [_thread_blocked, id=932, stack(0x000000b943e00000,0x000000b943f00000)]
  0x000001dbb13537e0 JavaThread "Java2D Disposer" daemon [_thread_blocked, id=18836, stack(0x000000b944000000,0x000000b944100000)]
  0x000001dbb12d9590 JavaThread "AWT-Shutdown" [_thread_blocked, id=15704, stack(0x000000b944100000,0x000000b944200000)]
  0x000001dbb1354cc0 JavaThread "AWT-Windows" daemon [_thread_in_native, id=5524, stack(0x000000b944200000,0x000000b944300000)]
  0x000001dbb1281f00 JavaThread "AWT-EventQueue-0" [_thread_blocked, id=3788, stack(0x000000b943d00000,0x000000b943e00000)]

Other Threads:
  0x000001dbb049abe0 VMThread "VM Thread" [stack: 0x000000b943200000,0x000000b943300000] [id=20528]
  0x000001dbb1227d50 WatcherThread [stack: 0x000000b943f00000,0x000000b944000000] [id=1188]
  0x000001db91fdf650 GCTaskThread "GC Thread#0" [stack: 0x000000b942d00000,0x000000b942e00000] [id=21468]
  0x000001db91ff1ad0 ConcurrentGCThread "G1 Main Marker" [stack: 0x000000b942e00000,0x000000b942f00000] [id=19176]
  0x000001db91ff23f0 ConcurrentGCThread "G1 Conc#0" [stack: 0x000000b942f00000,0x000000b943000000] [id=10096]
  0x000001db920741c0 ConcurrentGCThread "G1 Refine#0" [stack: 0x000000b943000000,0x000000b943100000] [id=21200]
  0x000001db92074af0 ConcurrentGCThread "G1 Service" [stack: 0x000000b943100000,0x000000b943200000] [id=20816]

Threads with active compile tasks:

VM state: not at safepoint (normal execution)

VM Mutex/Monitor currently owned by a thread:  ([mutex/lock_event])
[0x000001db91f9bc10] Metaspace_lock - owner thread: 0x000001db91fa1e90

Heap address: 0x0000000080c00000, size: 2036 MB, Compressed Oops mode: 32-bit

CDS archive(s) mapped at: [0x0000000800000000-0x0000000800bc0000-0x0000000800bc0000), size 12320768, SharedBaseAddress: 0x0000000800000000, ArchiveRelocationMode: 0.
Compressed class space mapped at: 0x0000000800c00000-0x0000000840c00000, reserved size: 1073741824
Narrow klass base: 0x0000000800000000, Narrow klass shift: 0, Narrow klass range: 0x100000000

GC Precious Log:
 CPUs: 12 total, 12 available
 Memory: 8143M
 Large Page Support: Disabled
 NUMA Support: Disabled
 Compressed Oops: Enabled (32-bit)
 Heap Region Size: 1M
 Heap Min Capacity: 8M
 Heap Initial Capacity: 128M
 Heap Max Capacity: 2036M
 Pre-touch: Disabled
 Parallel Workers: 10
 Concurrent Workers: 3
 Concurrent Refinement Workers: 10
 Periodic GC: Disabled

Heap:
 garbage-first heap   total 131072K, used 5120K [0x0000000080c00000, 0x0000000100000000)
  region size 1024K, 7 young (7168K), 0 survivors (0K)
 Metaspace       used 5034K, committed 5184K, reserved 1056768K
  class space    used 548K, committed 640K, reserved 1048576K

Heap Regions: E=young(eden), S=young(survivor), O=old, HS=humongous(starts), HC=humongous(continues), CS=collection set, F=free, OA=open archive, CA=closed archive, TAMS=top-at-mark-start (previous, next)
|   0|0x0000000080c00000, 0x0000000080c00000, 0x0000000080d00000|  0%| F|  |TAMS 0x0000000080c00000, 0x0000000080c00000| Untracked 
|   1|0x0000000080d00000, 0x0000000080d00000, 0x0000000080e00000|  0%| F|  |TAMS 0x0000000080d00000, 0x0000000080d00000| Untracked 
|   2|0x0000000080e00000, 0x0000000080e00000, 0x0000000080f00000|  0%| F|  |TAMS 0x0000000080e00000, 0x0000000080e00000| Untracked 
|   3|0x0000000080f00000, 0x0000000080f00000, 0x0000000081000000|  0%| F|  |TAMS 0x0000000080f00000, 0x0000000080f00000| Untracked 
|   4|0x0000000081000000, 0x0000000081000000, 0x0000000081100000|  0%| F|  |TAMS 0x0000000081000000, 0x0000000081000000| Untracked 
|   5|0x0000000081100000, 0x0000000081100000, 0x0000000081200000|  0%| F|  |TAMS 0x0000000081100000, 0x0000000081100000| Untracked 
|   6|0x0000000081200000, 0x0000000081200000, 0x0000000081300000|  0%| F|  |TAMS 0x0000000081200000, 0x0000000081200000| Untracked 
|   7|0x0000000081300000, 0x0000000081300000, 0x0000000081400000|  0%| F|  |TAMS 0x0000000081300000, 0x0000000081300000| Untracked 
|   8|0x0000000081400000, 0x0000000081400000, 0x0000000081500000|  0%| F|  |TAMS 0x0000000081400000, 0x0000000081400000| Untracked 
|   9|0x0000000081500000, 0x0000000081500000, 0x0000000081600000|  0%| F|  |TAMS 0x0000000081500000, 0x0000000081500000| Untracked 
|  10|0x0000000081600000, 0x0000000081600000, 0x0000000081700000|  0%| F|  |TAMS 0x0000000081600000, 0x0000000081600000| Untracked 
|  11|0x0000000081700000, 0x0000000081700000, 0x0000000081800000|  0%| F|  |TAMS 0x0000000081700000, 0x0000000081700000| Untracked 
|  12|0x0000000081800000, 0x0000000081800000, 0x0000000081900000|  0%| F|  |TAMS 0x0000000081800000, 0x0000000081800000| Untracked 
|  13|0x0000000081900000, 0x0000000081900000, 0x0000000081a00000|  0%| F|  |TAMS 0x0000000081900000, 0x0000000081900000| Untracked 
|  14|0x0000000081a00000, 0x0000000081a00000, 0x0000000081b00000|  0%| F|  |TAMS 0x0000000081a00000, 0x0000000081a00000| Untracked 
|  15|0x0000000081b00000, 0x0000000081b00000, 0x0000000081c00000|  0%| F|  |TAMS 0x0000000081b00000, 0x0000000081b00000| Untracked 
|  16|0x0000000081c00000, 0x0000000081c00000, 0x0000000081d00000|  0%| F|  |TAMS 0x0000000081c00000, 0x0000000081c00000| Untracked 
|  17|0x0000000081d00000, 0x0000000081d00000, 0x0000000081e00000|  0%| F|  |TAMS 0x0000000081d00000, 0x0000000081d00000| Untracked 
|  18|0x0000000081e00000, 0x0000000081e00000, 0x0000000081f00000|  0%| F|  |TAMS 0x0000000081e00000, 0x0000000081e00000| Untracked 
|  19|0x0000000081f00000, 0x0000000081f00000, 0x0000000082000000|  0%| F|  |TAMS 0x0000000081f00000, 0x0000000081f00000| Untracked 
|  20|0x0000000082000000, 0x0000000082000000, 0x0000000082100000|  0%| F|  |TAMS 0x0000000082000000, 0x0000000082000000| Untracked 
|  21|0x0000000082100000, 0x0000000082100000, 0x0000000082200000|  0%| F|  |TAMS 0x0000000082100000, 0x0000000082100000| Untracked 
|  22|0x0000000082200000, 0x0000000082200000, 0x0000000082300000|  0%| F|  |TAMS 0x0000000082200000, 0x0000000082200000| Untracked 
|  23|0x0000000082300000, 0x0000000082300000, 0x0000000082400000|  0%| F|  |TAMS 0x0000000082300000, 0x0000000082300000| Untracked 
|  24|0x0000000082400000, 0x0000000082400000, 0x0000000082500000|  0%| F|  |TAMS 0x0000000082400000, 0x0000000082400000| Untracked 
|  25|0x0000000082500000, 0x0000000082500000, 0x0000000082600000|  0%| F|  |TAMS 0x0000000082500000, 0x0000000082500000| Untracked 
|  26|0x0000000082600000, 0x0000000082600000, 0x0000000082700000|  0%| F|  |TAMS 0x0000000082600000, 0x0000000082600000| Untracked 
|  27|0x0000000082700000, 0x0000000082700000, 0x0000000082800000|  0%| F|  |TAMS 0x0000000082700000, 0x0000000082700000| Untracked 
|  28|0x0000000082800000, 0x0000000082800000, 0x0000000082900000|  0%| F|  |TAMS 0x0000000082800000, 0x0000000082800000| Untracked 
|  29|0x0000000082900000, 0x0000000082900000, 0x0000000082a00000|  0%| F|  |TAMS 0x0000000082900000, 0x0000000082900000| Untracked 
|  30|0x0000000082a00000, 0x0000000082a00000, 0x0000000082b00000|  0%| F|  |TAMS 0x0000000082a00000, 0x0000000082a00000| Untracked 
|  31|0x0000000082b00000, 0x0000000082b00000, 0x0000000082c00000|  0%| F|  |TAMS 0x0000000082b00000, 0x0000000082b00000| Untracked 
|  32|0x0000000082c00000, 0x0000000082c00000, 0x0000000082d00000|  0%| F|  |TAMS 0x0000000082c00000, 0x0000000082c00000| Untracked 
|  33|0x0000000082d00000, 0x0000000082d00000, 0x0000000082e00000|  0%| F|  |TAMS 0x0000000082d00000, 0x0000000082d00000| Untracked 
|  34|0x0000000082e00000, 0x0000000082e00000, 0x0000000082f00000|  0%| F|  |TAMS 0x0000000082e00000, 0x0000000082e00000| Untracked 
|  35|0x0000000082f00000, 0x0000000082f00000, 0x0000000083000000|  0%| F|  |TAMS 0x0000000082f00000, 0x0000000082f00000| Untracked 
|  36|0x0000000083000000, 0x0000000083000000, 0x0000000083100000|  0%| F|  |TAMS 0x0000000083000000, 0x0000000083000000| Untracked 
|  37|0x0000000083100000, 0x0000000083100000, 0x0000000083200000|  0%| F|  |TAMS 0x0000000083100000, 0x0000000083100000| Untracked 
|  38|0x0000000083200000, 0x0000000083200000, 0x0000000083300000|  0%| F|  |TAMS 0x0000000083200000, 0x0000000083200000| Untracked 
|  39|0x0000000083300000, 0x0000000083300000, 0x0000000083400000|  0%| F|  |TAMS 0x0000000083300000, 0x0000000083300000| Untracked 
|  40|0x0000000083400000, 0x0000000083400000, 0x0000000083500000|  0%| F|  |TAMS 0x0000000083400000, 0x0000000083400000| Untracked 
|  41|0x0000000083500000, 0x0000000083500000, 0x0000000083600000|  0%| F|  |TAMS 0x0000000083500000, 0x0000000083500000| Untracked 
|  42|0x0000000083600000, 0x0000000083600000, 0x0000000083700000|  0%| F|  |TAMS 0x0000000083600000, 0x0000000083600000| Untracked 
|  43|0x0000000083700000, 0x0000000083700000, 0x0000000083800000|  0%| F|  |TAMS 0x0000000083700000, 0x0000000083700000| Untracked 
|  44|0x0000000083800000, 0x0000000083800000, 0x0000000083900000|  0%| F|  |TAMS 0x0000000083800000, 0x0000000083800000| Untracked 
|  45|0x0000000083900000, 0x0000000083900000, 0x0000000083a00000|  0%| F|  |TAMS 0x0000000083900000, 0x0000000083900000| Untracked 
|  46|0x0000000083a00000, 0x0000000083a00000, 0x0000000083b00000|  0%| F|  |TAMS 0x0000000083a00000, 0x0000000083a00000| Untracked 
|  47|0x0000000083b00000, 0x0000000083b00000, 0x0000000083c00000|  0%| F|  |TAMS 0x0000000083b00000, 0x0000000083b00000| Untracked 
|  48|0x0000000083c00000, 0x0000000083c00000, 0x0000000083d00000|  0%| F|  |TAMS 0x0000000083c00000, 0x0000000083c00000| Untracked 
|  49|0x0000000083d00000, 0x0000000083d00000, 0x0000000083e00000|  0%| F|  |TAMS 0x0000000083d00000, 0x0000000083d00000| Untracked 
|  50|0x0000000083e00000, 0x0000000083e00000, 0x0000000083f00000|  0%| F|  |TAMS 0x0000000083e00000, 0x0000000083e00000| Untracked 
|  51|0x0000000083f00000, 0x0000000083f00000, 0x0000000084000000|  0%| F|  |TAMS 0x0000000083f00000, 0x0000000083f00000| Untracked 
|  52|0x0000000084000000, 0x0000000084000000, 0x0000000084100000|  0%| F|  |TAMS 0x0000000084000000, 0x0000000084000000| Untracked 
|  53|0x0000000084100000, 0x0000000084100000, 0x0000000084200000|  0%| F|  |TAMS 0x0000000084100000, 0x0000000084100000| Untracked 
|  54|0x0000000084200000, 0x0000000084200000, 0x0000000084300000|  0%| F|  |TAMS 0x0000000084200000, 0x0000000084200000| Untracked 
|  55|0x0000000084300000, 0x0000000084300000, 0x0000000084400000|  0%| F|  |TAMS 0x0000000084300000, 0x0000000084300000| Untracked 
|  56|0x0000000084400000, 0x0000000084400000, 0x0000000084500000|  0%| F|  |TAMS 0x0000000084400000, 0x0000000084400000| Untracked 
|  57|0x0000000084500000, 0x0000000084500000, 0x0000000084600000|  0%| F|  |TAMS 0x0000000084500000, 0x0000000084500000| Untracked 
|  58|0x0000000084600000, 0x0000000084600000, 0x0000000084700000|  0%| F|  |TAMS 0x0000000084600000, 0x0000000084600000| Untracked 
|  59|0x0000000084700000, 0x0000000084700000, 0x0000000084800000|  0%| F|  |TAMS 0x0000000084700000, 0x0000000084700000| Untracked 
|  60|0x0000000084800000, 0x0000000084800000, 0x0000000084900000|  0%| F|  |TAMS 0x0000000084800000, 0x0000000084800000| Untracked 
|  61|0x0000000084900000, 0x0000000084900000, 0x0000000084a00000|  0%| F|  |TAMS 0x0000000084900000, 0x0000000084900000| Untracked 
|  62|0x0000000084a00000, 0x0000000084a00000, 0x0000000084b00000|  0%| F|  |TAMS 0x0000000084a00000, 0x0000000084a00000| Untracked 
|  63|0x0000000084b00000, 0x0000000084b00000, 0x0000000084c00000|  0%| F|  |TAMS 0x0000000084b00000, 0x0000000084b00000| Untracked 
|  64|0x0000000084c00000, 0x0000000084c00000, 0x0000000084d00000|  0%| F|  |TAMS 0x0000000084c00000, 0x0000000084c00000| Untracked 
|  65|0x0000000084d00000, 0x0000000084d00000, 0x0000000084e00000|  0%| F|  |TAMS 0x0000000084d00000, 0x0000000084d00000| Untracked 
|  66|0x0000000084e00000, 0x0000000084e00000, 0x0000000084f00000|  0%| F|  |TAMS 0x0000000084e00000, 0x0000000084e00000| Untracked 
|  67|0x0000000084f00000, 0x0000000084f00000, 0x0000000085000000|  0%| F|  |TAMS 0x0000000084f00000, 0x0000000084f00000| Untracked 
|  68|0x0000000085000000, 0x0000000085000000, 0x0000000085100000|  0%| F|  |TAMS 0x0000000085000000, 0x0000000085000000| Untracked 
|  69|0x0000000085100000, 0x0000000085100000, 0x0000000085200000|  0%| F|  |TAMS 0x0000000085100000, 0x0000000085100000| Untracked 
|  70|0x0000000085200000, 0x0000000085200000, 0x0000000085300000|  0%| F|  |TAMS 0x0000000085200000, 0x0000000085200000| Untracked 
|  71|0x0000000085300000, 0x0000000085300000, 0x0000000085400000|  0%| F|  |TAMS 0x0000000085300000, 0x0000000085300000| Untracked 
|  72|0x0000000085400000, 0x0000000085400000, 0x0000000085500000|  0%| F|  |TAMS 0x0000000085400000, 0x0000000085400000| Untracked 
|  73|0x0000000085500000, 0x0000000085500000, 0x0000000085600000|  0%| F|  |TAMS 0x0000000085500000, 0x0000000085500000| Untracked 
|  74|0x0000000085600000, 0x0000000085600000, 0x0000000085700000|  0%| F|  |TAMS 0x0000000085600000, 0x0000000085600000| Untracked 
|  75|0x0000000085700000, 0x0000000085700000, 0x0000000085800000|  0%| F|  |TAMS 0x0000000085700000, 0x0000000085700000| Untracked 
|  76|0x0000000085800000, 0x0000000085800000, 0x0000000085900000|  0%| F|  |TAMS 0x0000000085800000, 0x0000000085800000| Untracked 
|  77|0x0000000085900000, 0x0000000085900000, 0x0000000085a00000|  0%| F|  |TAMS 0x0000000085900000, 0x0000000085900000| Untracked 
|  78|0x0000000085a00000, 0x0000000085a00000, 0x0000000085b00000|  0%| F|  |TAMS 0x0000000085a00000, 0x0000000085a00000| Untracked 
|  79|0x0000000085b00000, 0x0000000085b00000, 0x0000000085c00000|  0%| F|  |TAMS 0x0000000085b00000, 0x0000000085b00000| Untracked 
|  80|0x0000000085c00000, 0x0000000085c00000, 0x0000000085d00000|  0%| F|  |TAMS 0x0000000085c00000, 0x0000000085c00000| Untracked 
|  81|0x0000000085d00000, 0x0000000085d00000, 0x0000000085e00000|  0%| F|  |TAMS 0x0000000085d00000, 0x0000000085d00000| Untracked 
|  82|0x0000000085e00000, 0x0000000085e00000, 0x0000000085f00000|  0%| F|  |TAMS 0x0000000085e00000, 0x0000000085e00000| Untracked 
|  83|0x0000000085f00000, 0x0000000085f00000, 0x0000000086000000|  0%| F|  |TAMS 0x0000000085f00000, 0x0000000085f00000| Untracked 
|  84|0x0000000086000000, 0x0000000086000000, 0x0000000086100000|  0%| F|  |TAMS 0x0000000086000000, 0x0000000086000000| Untracked 
|  85|0x0000000086100000, 0x0000000086100000, 0x0000000086200000|  0%| F|  |TAMS 0x0000000086100000, 0x0000000086100000| Untracked 
|  86|0x0000000086200000, 0x0000000086200000, 0x0000000086300000|  0%| F|  |TAMS 0x0000000086200000, 0x0000000086200000| Untracked 
|  87|0x0000000086300000, 0x0000000086300000, 0x0000000086400000|  0%| F|  |TAMS 0x0000000086300000, 0x0000000086300000| Untracked 
|  88|0x0000000086400000, 0x0000000086400000, 0x0000000086500000|  0%| F|  |TAMS 0x0000000086400000, 0x0000000086400000| Untracked 
|  89|0x0000000086500000, 0x0000000086500000, 0x0000000086600000|  0%| F|  |TAMS 0x0000000086500000, 0x0000000086500000| Untracked 
|  90|0x0000000086600000, 0x0000000086600000, 0x0000000086700000|  0%| F|  |TAMS 0x0000000086600000, 0x0000000086600000| Untracked 
|  91|0x0000000086700000, 0x0000000086700000, 0x0000000086800000|  0%| F|  |TAMS 0x0000000086700000, 0x0000000086700000| Untracked 
|  92|0x0000000086800000, 0x0000000086800000, 0x0000000086900000|  0%| F|  |TAMS 0x0000000086800000, 0x0000000086800000| Untracked 
|  93|0x0000000086900000, 0x0000000086900000, 0x0000000086a00000|  0%| F|  |TAMS 0x0000000086900000, 0x0000000086900000| Untracked 
|  94|0x0000000086a00000, 0x0000000086a00000, 0x0000000086b00000|  0%| F|  |TAMS 0x0000000086a00000, 0x0000000086a00000| Untracked 
|  95|0x0000000086b00000, 0x0000000086b00000, 0x0000000086c00000|  0%| F|  |TAMS 0x0000000086b00000, 0x0000000086b00000| Untracked 
|  96|0x0000000086c00000, 0x0000000086c00000, 0x0000000086d00000|  0%| F|  |TAMS 0x0000000086c00000, 0x0000000086c00000| Untracked 
|  97|0x0000000086d00000, 0x0000000086d00000, 0x0000000086e00000|  0%| F|  |TAMS 0x0000000086d00000, 0x0000000086d00000| Untracked 
|  98|0x0000000086e00000, 0x0000000086e00000, 0x0000000086f00000|  0%| F|  |TAMS 0x0000000086e00000, 0x0000000086e00000| Untracked 
|  99|0x0000000086f00000, 0x0000000086f00000, 0x0000000087000000|  0%| F|  |TAMS 0x0000000086f00000, 0x0000000086f00000| Untracked 
| 100|0x0000000087000000, 0x0000000087000000, 0x0000000087100000|  0%| F|  |TAMS 0x0000000087000000, 0x0000000087000000| Untracked 
| 101|0x0000000087100000, 0x0000000087100000, 0x0000000087200000|  0%| F|  |TAMS 0x0000000087100000, 0x0000000087100000| Untracked 
| 102|0x0000000087200000, 0x0000000087200000, 0x0000000087300000|  0%| F|  |TAMS 0x0000000087200000, 0x0000000087200000| Untracked 
| 103|0x0000000087300000, 0x0000000087300000, 0x0000000087400000|  0%| F|  |TAMS 0x0000000087300000, 0x0000000087300000| Untracked 
| 104|0x0000000087400000, 0x0000000087400000, 0x0000000087500000|  0%| F|  |TAMS 0x0000000087400000, 0x0000000087400000| Untracked 
| 105|0x0000000087500000, 0x0000000087500000, 0x0000000087600000|  0%| F|  |TAMS 0x0000000087500000, 0x0000000087500000| Untracked 
| 106|0x0000000087600000, 0x0000000087600000, 0x0000000087700000|  0%| F|  |TAMS 0x0000000087600000, 0x0000000087600000| Untracked 
| 107|0x0000000087700000, 0x0000000087700000, 0x0000000087800000|  0%| F|  |TAMS 0x0000000087700000, 0x0000000087700000| Untracked 
| 108|0x0000000087800000, 0x0000000087800000, 0x0000000087900000|  0%| F|  |TAMS 0x0000000087800000, 0x0000000087800000| Untracked 
| 109|0x0000000087900000, 0x0000000087900000, 0x0000000087a00000|  0%| F|  |TAMS 0x0000000087900000, 0x0000000087900000| Untracked 
| 110|0x0000000087a00000, 0x0000000087a00000, 0x0000000087b00000|  0%| F|  |TAMS 0x0000000087a00000, 0x0000000087a00000| Untracked 
| 111|0x0000000087b00000, 0x0000000087b00000, 0x0000000087c00000|  0%| F|  |TAMS 0x0000000087b00000, 0x0000000087b00000| Untracked 
| 112|0x0000000087c00000, 0x0000000087c00000, 0x0000000087d00000|  0%| F|  |TAMS 0x0000000087c00000, 0x0000000087c00000| Untracked 
| 113|0x0000000087d00000, 0x0000000087d00000, 0x0000000087e00000|  0%| F|  |TAMS 0x0000000087d00000, 0x0000000087d00000| Untracked 
| 114|0x0000000087e00000, 0x0000000087e00000, 0x0000000087f00000|  0%| F|  |TAMS 0x0000000087e00000, 0x0000000087e00000| Untracked 
| 115|0x0000000087f00000, 0x0000000087f00000, 0x0000000088000000|  0%| F|  |TAMS 0x0000000087f00000, 0x0000000087f00000| Untracked 
| 116|0x0000000088000000, 0x0000000088000000, 0x0000000088100000|  0%| F|  |TAMS 0x0000000088000000, 0x0000000088000000| Untracked 
| 117|0x0000000088100000, 0x0000000088100000, 0x0000000088200000|  0%| F|  |TAMS 0x0000000088100000, 0x0000000088100000| Untracked 
| 118|0x0000000088200000, 0x0000000088200000, 0x0000000088300000|  0%| F|  |TAMS 0x0000000088200000, 0x0000000088200000| Untracked 
| 119|0x0000000088300000, 0x0000000088300000, 0x0000000088400000|  0%| F|  |TAMS 0x0000000088300000, 0x0000000088300000| Untracked 
| 120|0x0000000088400000, 0x0000000088400000, 0x0000000088500000|  0%| F|  |TAMS 0x0000000088400000, 0x0000000088400000| Untracked 
| 121|0x0000000088500000, 0x00000000885ec130, 0x0000000088600000| 92%| E|  |TAMS 0x0000000088500000, 0x0000000088500000| Complete 
| 122|0x0000000088600000, 0x0000000088700000, 0x0000000088700000|100%| E|CS|TAMS 0x0000000088600000, 0x0000000088600000| Complete 
| 123|0x0000000088700000, 0x0000000088800000, 0x0000000088800000|100%| E|CS|TAMS 0x0000000088700000, 0x0000000088700000| Complete 
| 124|0x0000000088800000, 0x0000000088900000, 0x0000000088900000|100%| E|CS|TAMS 0x0000000088800000, 0x0000000088800000| Complete 
| 125|0x0000000088900000, 0x0000000088a00000, 0x0000000088a00000|100%| E|CS|TAMS 0x0000000088900000, 0x0000000088900000| Complete 
| 126|0x0000000088a00000, 0x0000000088b00000, 0x0000000088b00000|100%| E|  |TAMS 0x0000000088a00000, 0x0000000088a00000| Complete 
| 127|0x0000000088b00000, 0x0000000088c00000, 0x0000000088c00000|100%| E|CS|TAMS 0x0000000088b00000, 0x0000000088b00000| Complete 

Card table byte_map: [0x000001dba9110000,0x000001dba9510000] _byte_map_base: 0x000001dba8d0a000

Marking Bits (Prev, Next): (CMBitMap*) 0x000001db91fe0b80, (CMBitMap*) 0x000001db91fe0bc0
 Prev Bits: [0x000001dba9910000, 0x000001dbab8e0000)
 Next Bits: [0x000001dbab8e0000, 0x000001dbad8b0000)

Polling page: 0x000001db8fd20000

Metaspace:

Usage:
  Non-class:      4.38 MB used.
      Class:    548.82 KB used.
       Both:      4.92 MB used.

Virtual space:
  Non-class space:        8.00 MB reserved,       4.44 MB ( 55%) committed,  1 nodes.
      Class space:        1.00 GB reserved,     640.00 KB ( <1%) committed,  1 nodes.
             Both:        1.01 GB reserved,       5.06 MB ( <1%) committed. 

Chunk freelists:
   Non-Class:  2.91 MB
       Class:  3.25 MB
        Both:  6.16 MB

MaxMetaspaceSize: unlimited
CompressedClassSpaceSize: 1.00 GB
Initial GC threshold: 21.00 MB
Current GC threshold: 21.00 MB
CDS: on
MetaspaceReclaimPolicy: balanced
 - commit_granule_bytes: 65536.
 - commit_granule_words: 8192.
 - virtual_space_node_default_size: 1048576.
 - enlarge_chunks_in_place: 1.
 - new_chunks_are_fully_committed: 0.
 - uncommit_free_chunks: 1.
 - use_allocation_guard: 0.
 - handle_deallocations: 1.


Internal statistics:

num_allocs_failed_limit: 0.
num_arena_births: 96.
num_arena_deaths: 0.
num_vsnodes_births: 2.
num_vsnodes_deaths: 0.
num_space_committed: 81.
num_space_uncommitted: 0.
num_chunks_returned_to_freelist: 0.
num_chunks_taken_from_freelist: 125.
num_chunk_merges: 0.
num_chunk_splits: 72.
num_chunks_enlarged: 24.
num_purges: 0.
num_inconsistent_stats: 0.

CodeHeap 'non-profiled nmethods': size=120000Kb used=205Kb max_used=205Kb free=119795Kb
 bounds [0x000001dba1280000, 0x000001dba14f0000, 0x000001dba87b0000]
CodeHeap 'profiled nmethods': size=120000Kb used=983Kb max_used=983Kb free=119016Kb
 bounds [0x000001db99d50000, 0x000001db99fc0000, 0x000001dba1280000]
CodeHeap 'non-nmethods': size=5760Kb used=1215Kb max_used=1228Kb free=4545Kb
 bounds [0x000001db997b0000, 0x000001db99a20000, 0x000001db99d50000]
 total_blobs=1214 nmethods=692 adapters=435
 compilation: enabled
              stopped_count=0, restarted_count=0
 full_count=0

Compilation events (20 events):
Event: 0.544 Thread 0x000001dbb04c5270  682       4       sun.java2d.loops.GraphicsPrimitiveMgr$1::compare (13 bytes)
Event: 0.545 Thread 0x000001dbb04c5fd0  683       3       sun.java2d.loops.GraphicsPrimitiveMgr$2::compare (39 bytes)
Event: 0.545 Thread 0x000001dbb04c5fd0 nmethod 683 0x000001db99e43610 code [0x000001db99e437e0, 0x000001db99e43bf8]
Event: 0.545 Thread 0x000001dbb04c5fd0  684       1       sun.java2d.loops.CompositeType::getSuperType (5 bytes)
Event: 0.545 Thread 0x000001dbb04c5fd0 nmethod 684 0x000001dba12b2310 code [0x000001dba12b24a0, 0x000001dba12b2578]
Event: 0.545 Thread 0x000001dbb04c5fd0  685       3       java.util.Arrays::binarySearch0 (95 bytes)
Event: 0.545 Thread 0x000001dbb04c5fd0 nmethod 685 0x000001db99e43d10 code [0x000001db99e43ee0, 0x000001db99e44318]
Event: 0.545 Thread 0x000001dbb04c5fd0  686       3       sun.java2d.loops.GraphicsPrimitiveMgr::locate (104 bytes)
Event: 0.545 Thread 0x000001dbb04c5fd0 nmethod 686 0x000001db99e44490 code [0x000001db99e446c0, 0x000001db99e45138]
Event: 0.545 Thread 0x000001dbb04c5fd0  687       3       java.util.Arrays::binarySearch (10 bytes)
Event: 0.545 Thread 0x000001dbb04c5fd0 nmethod 687 0x000001db99e45390 code [0x000001db99e45520, 0x000001db99e45648]
Event: 0.545 Thread 0x000001dbb04c5fd0  688       1       sun.java2d.loops.SurfaceType::getSuperType (5 bytes)
Event: 0.545 Thread 0x000001dbb04c5270 nmethod 682 0x000001dba12b2610 code [0x000001dba12b27a0, 0x000001dba12b28d8]
Event: 0.546 Thread 0x000001dbb04c5270  689       4       sun.java2d.loops.GraphicsPrimitiveMgr$2::compare (39 bytes)
Event: 0.546 Thread 0x000001dbb04c5fd0 nmethod 688 0x000001dba12b2a10 code [0x000001dba12b2ba0, 0x000001dba12b2c78]
Event: 0.546 Thread 0x000001dbb04c5270 nmethod 689 0x000001dba12b2d10 code [0x000001dba12b2ea0, 0x000001dba12b2fb8]
Event: 0.546 Thread 0x000001dbb04c5fd0  690       3       java.util.concurrent.ConcurrentHashMap$BaseIterator::hasNext (13 bytes)
Event: 0.547 Thread 0x000001dbb04c5fd0 nmethod 690 0x000001db99e45710 code [0x000001db99e458a0, 0x000001db99e45a18]
Event: 0.547 Thread 0x000001dbb04c5fd0  691       3       java.util.concurrent.ConcurrentHashMap$ValueIterator::next (34 bytes)
Event: 0.547 Thread 0x000001dbb04c5fd0 nmethod 691 0x000001db99e45a90 code [0x000001db99e45c40, 0x000001db99e45e98]

GC Heap History (0 events):
No events

Deoptimization events (20 events):
Event: 0.234 Thread 0x000001db91fa1e90 Uncommon trap: trap_request=0xffffff45 fr.pc=0x000001dba12939d4 relative=0x0000000000000694
Event: 0.234 Thread 0x000001db91fa1e90 Uncommon trap: reason=unstable_if action=reinterpret pc=0x000001dba12939d4 method=java.util.ImmutableCollections$SetN.probe(Ljava/lang/Object;)I @ 34 c2
Event: 0.234 Thread 0x000001db91fa1e90 DEOPT PACKING pc=0x000001dba12939d4 sp=0x000000b942cfecc0
Event: 0.234 Thread 0x000001db91fa1e90 DEOPT UNPACKING pc=0x000001db998023a3 sp=0x000000b942cfec60 mode 2
Event: 0.241 Thread 0x000001db91fa1e90 Uncommon trap: trap_request=0xffffff45 fr.pc=0x000001dba128d5f4 relative=0x0000000000000174
Event: 0.241 Thread 0x000001db91fa1e90 Uncommon trap: reason=unstable_if action=reinterpret pc=0x000001dba128d5f4 method=java.lang.StringCoding.hasNegatives([BII)Z @ 12 c2
Event: 0.241 Thread 0x000001db91fa1e90 DEOPT PACKING pc=0x000001dba128d5f4 sp=0x000000b942cfdf00
Event: 0.241 Thread 0x000001db91fa1e90 DEOPT UNPACKING pc=0x000001db998023a3 sp=0x000000b942cfdea8 mode 2
Event: 0.480 Thread 0x000001db91fa1e90 Uncommon trap: trap_request=0xffffff45 fr.pc=0x000001dba128edac relative=0x000000000000022c
Event: 0.480 Thread 0x000001db91fa1e90 Uncommon trap: reason=unstable_if action=reinterpret pc=0x000001dba128edac method=java.lang.String.hashCode()I @ 20 c2
Event: 0.480 Thread 0x000001db91fa1e90 DEOPT PACKING pc=0x000001dba128edac sp=0x000000b942cfd8d0
Event: 0.480 Thread 0x000001db91fa1e90 DEOPT UNPACKING pc=0x000001db998023a3 sp=0x000000b942cfd860 mode 2
Event: 0.518 Thread 0x000001db91fa1e90 Uncommon trap: trap_request=0xffffff45 fr.pc=0x000001dba129b2bc relative=0x0000000000000dbc
Event: 0.518 Thread 0x000001db91fa1e90 Uncommon trap: reason=unstable_if action=reinterpret pc=0x000001dba129b2bc method=java.util.HashMap.hash(Ljava/lang/Object;)I @ 1 c2
Event: 0.519 Thread 0x000001db91fa1e90 DEOPT PACKING pc=0x000001dba129b2bc sp=0x000000b942cfed80
Event: 0.519 Thread 0x000001db91fa1e90 DEOPT UNPACKING pc=0x000001db998023a3 sp=0x000000b942cfed20 mode 2
Event: 0.522 Thread 0x000001db91fa1e90 Uncommon trap: trap_request=0xffffff45 fr.pc=0x000001dba129008c relative=0x000000000000018c
Event: 0.522 Thread 0x000001db91fa1e90 Uncommon trap: reason=unstable_if action=reinterpret pc=0x000001dba129008c method=java.lang.String.equals(Ljava/lang/Object;)Z @ 33 c2
Event: 0.522 Thread 0x000001db91fa1e90 DEOPT PACKING pc=0x000001dba129008c sp=0x000000b942cff2a0
Event: 0.522 Thread 0x000001db91fa1e90 DEOPT UNPACKING pc=0x000001db998023a3 sp=0x000000b942cff240 mode 2

Classes unloaded (0 events):
No events

Classes redefined (0 events):
No events

Internal exceptions (16 events):
Event: 0.224 Thread 0x000001db91fa1e90 Exception <a 'java/lang/NoSuchMethodError'{0x00000000889e4ff8}: 'void java.lang.invoke.DirectMethodHandle$Holder.invokeSpecial(java.lang.Object, java.lang.Object, java.lang.Object)'> (0x00000000889e4ff8) 
thrown [t:\workspace\open\src\hotspot\share\interpreter\linkResolver.cpp, line 766]
Event: 0.227 Thread 0x000001db91fa1e90 Exception <a 'java/lang/NoSuchMethodError'{0x00000000889f83c0}: 'void java.lang.invoke.DirectMethodHandle$Holder.invokeSpecial(java.lang.Object, java.lang.Object, java.lang.Object, java.lang.Object, java.lang.Object)'> (0x00000000889f83c0) 
thrown [t:\workspace\open\src\hotspot\share\interpreter\linkResolver.cpp, line 766]
Event: 0.229 Thread 0x000001db91fa1e90 Exception <a 'java/lang/NoSuchMethodError'{0x000000008880b410}: 'java.lang.Object java.lang.invoke.DirectMethodHandle$Holder.invokeInterface(java.lang.Object, java.lang.Object)'> (0x000000008880b410) 
thrown [t:\workspace\open\src\hotspot\share\interpreter\linkResolver.cpp, line 766]
Event: 0.229 Thread 0x000001db91fa1e90 Exception <a 'java/lang/IncompatibleClassChangeError'{0x000000008880ea88}: Found class java.lang.Object, but interface was expected> (0x000000008880ea88) 
thrown [t:\workspace\open\src\hotspot\share\interpreter\linkResolver.cpp, line 833]
Event: 0.230 Thread 0x000001db91fa1e90 Exception <a 'java/lang/NoSuchMethodError'{0x0000000088811850}: 'void java.lang.invoke.DirectMethodHandle$Holder.invokeStatic(java.lang.Object, java.lang.Object, java.lang.Object, java.lang.Object)'> (0x0000000088811850) 
thrown [t:\workspace\open\src\hotspot\share\interpreter\linkResolver.cpp, line 766]
Event: 0.259 Thread 0x000001db91fa1e90 Exception <a 'java/lang/ClassNotFoundException'{0x00000000888d2b80}: sun/awt/resources/spi/awtProvider> (0x00000000888d2b80) 
thrown [t:\workspace\open\src\hotspot\share\classfile\systemDictionary.cpp, line 256]
Event: 0.278 Thread 0x000001db91fa1e90 Exception <a 'java/io/FileNotFoundException'{0x0000000088725dc8}> (0x0000000088725dc8) 
thrown [t:\workspace\open\src\hotspot\share\prims\jni.cpp, line 516]
Event: 0.284 Thread 0x000001db91fa1e90 Exception <a 'java/io/FileNotFoundException'{0x0000000088752e80}> (0x0000000088752e80) 
thrown [t:\workspace\open\src\hotspot\share\prims\jni.cpp, line 516]
Event: 0.320 Thread 0x000001db91fa1e90 Exception <a 'java/lang/NoSuchMethodError'{0x0000000088796418}: 'java.lang.Object java.lang.invoke.DirectMethodHandle$Holder.invokeStaticInit(java.lang.Object)'> (0x0000000088796418) 
thrown [t:\workspace\open\src\hotspot\share\interpreter\linkResolver.cpp, line 766]
Event: 0.491 Thread 0x000001db91fa1e90 Exception <a 'java/lang/NoSuchMethodError'{0x0000000088619030}: 'java.lang.Object java.lang.invoke.DirectMethodHandle$Holder.newInvokeSpecial(java.lang.Object, java.lang.Object, java.lang.Object, java.lang.Object, java.lang.Object)'> (0x0000000088619030) 
thrown [t:\workspace\open\src\hotspot\share\interpreter\linkResolver.cpp, line 766]
Event: 0.492 Thread 0x000001db91fa1e90 Exception <a 'java/lang/NoSuchMethodError'{0x00000000886249f8}: 'java.lang.Object java.lang.invoke.DirectMethodHandle$Holder.invokeStatic(java.lang.Object, int, java.lang.Object, java.lang.Object, java.lang.Object, java.lang.Object)'> (0x00000000886249f8) 
thrown [t:\workspace\open\src\hotspot\share\interpreter\linkResolver.cpp, line 766]
Event: 0.495 Thread 0x000001db91fa1e90 Exception <a 'java/lang/NoSuchMethodError'{0x000000008864a1b8}: 'java.lang.Object java.lang.invoke.DirectMethodHandle$Holder.invokeStatic(java.lang.Object, int, java.lang.Object)'> (0x000000008864a1b8) 
thrown [t:\workspace\open\src\hotspot\share\interpreter\linkResolver.cpp, line 766]
Event: 0.514 Thread 0x000001db91fa1e90 Exception <a 'java/lang/ClassNotFoundException'{0x0000000088502208}: com/sun/swing/internal/plaf/metal/resources/spi/metalProvider> (0x0000000088502208) 
thrown [t:\workspace\open\src\hotspot\share\classfile\systemDictionary.cpp, line 256]
Event: 0.515 Thread 0x000001db91fa1e90 Exception <a 'java/lang/ClassNotFoundException'{0x0000000088507d20}: com/sun/swing/internal/plaf/basic/resources/spi/basicProvider> (0x0000000088507d20) 
thrown [t:\workspace\open\src\hotspot\share\classfile\systemDictionary.cpp, line 256]
Event: 0.518 Thread 0x000001db91fa1e90 Implicit null exception at 0x000001dba129a53e to 0x000001dba129b2a0
Event: 0.547 Thread 0x000001db91fa1e90 Exception <a 'java/lang/NoSuchMethodError'{0x000000008854c9f8}: 'void java.lang.invoke.DirectMethodHandle$Holder.invokeStaticInit(java.lang.Object)'> (0x000000008854c9f8) 
thrown [t:\workspace\open\src\hotspot\share\interpreter\linkResolver.cpp, line 766]

VM Operations (6 events):
Event: 0.200 Executing VM operation: HandshakeAllThreads
Event: 0.200 Executing VM operation: HandshakeAllThreads done
Event: 0.228 Executing VM operation: HandshakeAllThreads
Event: 0.228 Executing VM operation: HandshakeAllThreads done
Event: 0.524 Executing VM operation: HandshakeAllThreads
Event: 0.524 Executing VM operation: HandshakeAllThreads done

Events (20 events):
Event: 0.547 loading class java/awt/SystemColor done
Event: 0.547 loading class sun/awt/AWTAccessor$SystemColorAccessor
Event: 0.547 loading class sun/awt/AWTAccessor$SystemColorAccessor done
Event: 0.548 loading class sun/awt/windows/WFontPeer
Event: 0.548 loading class sun/awt/PlatformFont
Event: 0.548 loading class java/awt/peer/FontPeer
Event: 0.548 loading class java/awt/peer/FontPeer done
Event: 0.548 loading class sun/awt/PlatformFont done
Event: 0.548 loading class sun/awt/windows/WFontPeer done
Event: 0.548 loading class sun/awt/NativeLibLoader
Event: 0.548 loading class sun/awt/NativeLibLoader done
Event: 0.548 loading class sun/awt/NativeLibLoader$1
Event: 0.548 loading class sun/awt/NativeLibLoader$1 done
Event: 0.549 loading class sun/font/SunFontManager
Event: 0.549 loading class sun/java2d/FontSupport
Event: 0.549 loading class sun/java2d/FontSupport done
Event: 0.549 loading class sun/font/FontManagerForSGE
Event: 0.549 loading class sun/font/FontManager
Event: 0.549 loading class sun/font/FontManager done
Event: 0.549 loading class sun/font/FontManagerForSGE done


Dynamic libraries:
0x00007ff79e5b0000 - 0x00007ff79e5c0000 	D:\java\bin\javaw.exe
0x00007ffb01890000 - 0x00007ffb01a85000 	C:\Windows\SYSTEM32\ntdll.dll
0x00007ffaffd90000 - 0x00007ffaffe4e000 	C:\Windows\System32\KERNEL32.DLL
0x00007ffaff260000 - 0x00007ffaff528000 	C:\Windows\System32\KERNELBASE.dll
0x00007ffaff160000 - 0x00007ffaff260000 	C:\Windows\System32\ucrtbase.dll
0x00007ffaf8850000 - 0x00007ffaf8868000 	D:\java\bin\jli.dll
0x00007ffafa080000 - 0x00007ffafa09a000 	D:\java\bin\VCRUNTIME140.dll
0x00007ffaffe60000 - 0x00007ffafff0e000 	C:\Windows\System32\ADVAPI32.dll
0x00007ffb00230000 - 0x00007ffb002ce000 	C:\Windows\System32\msvcrt.dll
0x00007ffb00190000 - 0x00007ffb0022c000 	C:\Windows\System32\sechost.dll
0x00007ffb01720000 - 0x00007ffb01845000 	C:\Windows\System32\RPCRT4.dll
0x00007ffb00580000 - 0x00007ffb00720000 	C:\Windows\System32\USER32.dll
0x00007ffaff130000 - 0x00007ffaff152000 	C:\Windows\System32\win32u.dll
0x00007ffaff990000 - 0x00007ffaff9bb000 	C:\Windows\System32\GDI32.dll
0x00007ffaff530000 - 0x00007ffaff63d000 	C:\Windows\System32\gdi32full.dll
0x00007ffaf6e60000 - 0x00007ffaf70fa000 	C:\Windows\WinSxS\amd64_microsoft.windows.common-controls_6595b64144ccf1df_6.0.19041.1110_none_60b5254171f9507e\COMCTL32.dll
0x00007ffaff640000 - 0x00007ffaff6dd000 	C:\Windows\System32\msvcp_win.dll
0x00007ffaf9550000 - 0x00007ffaf955a000 	C:\Windows\SYSTEM32\VERSION.dll
0x00007ffb00400000 - 0x00007ffb00430000 	C:\Windows\System32\IMM32.DLL
0x00007ffafc650000 - 0x00007ffafc65c000 	D:\java\bin\vcruntime140_1.dll
0x00007ffaf4b60000 - 0x00007ffaf4bed000 	D:\java\bin\msvcp140.dll
0x00007ffad5040000 - 0x00007ffad5bfe000 	D:\java\bin\server\jvm.dll
0x00007ffb002d0000 - 0x00007ffb002d8000 	C:\Windows\System32\PSAPI.DLL
0x00007ffaf20b0000 - 0x00007ffaf20d7000 	C:\Windows\SYSTEM32\WINMM.dll
0x00007ffaebb70000 - 0x00007ffaebb79000 	C:\Windows\SYSTEM32\WSOCK32.dll
0x00007ffb00490000 - 0x00007ffb004fb000 	C:\Windows\System32\WS2_32.dll
0x00007ffafceb0000 - 0x00007ffafcec2000 	C:\Windows\SYSTEM32\kernel.appcore.dll
0x00007ffafaca0000 - 0x00007ffafacaa000 	D:\java\bin\jimage.dll
0x00007ffaefa10000 - 0x00007ffaefbf4000 	C:\Windows\SYSTEM32\DBGHELP.DLL
0x00007ffaee920000 - 0x00007ffaee94c000 	C:\Windows\SYSTEM32\dbgcore.DLL
0x00007ffaff750000 - 0x00007ffaff7d2000 	C:\Windows\System32\bcryptPrimitives.dll
0x00007ffaf62e0000 - 0x00007ffaf6305000 	D:\java\bin\java.dll
0x00007ffaf4a80000 - 0x00007ffaf4b56000 	D:\java\bin\svml.dll
0x00007ffb00720000 - 0x00007ffb00e64000 	C:\Windows\System32\SHELL32.dll
0x00007ffafd0b0000 - 0x00007ffafd844000 	C:\Windows\SYSTEM32\windows.storage.dll
0x00007ffb00f40000 - 0x00007ffb01295000 	C:\Windows\System32\combase.dll
0x00007ffafe920000 - 0x00007ffafe94e000 	C:\Windows\SYSTEM32\Wldp.dll
0x00007ffaff8e0000 - 0x00007ffaff98d000 	C:\Windows\System32\SHCORE.dll
0x00007ffb00130000 - 0x00007ffb00185000 	C:\Windows\System32\shlwapi.dll
0x00007ffafeee0000 - 0x00007ffafeeff000 	C:\Windows\SYSTEM32\profapi.dll
0x00007ffaf62c0000 - 0x00007ffaf62d9000 	D:\java\bin\net.dll
0x00007ffaf8b10000 - 0x00007ffaf8c1c000 	C:\Windows\SYSTEM32\WINHTTP.dll
0x00007ffafe680000 - 0x00007ffafe6ea000 	C:\Windows\system32\mswsock.dll
0x00007ffaf60b0000 - 0x00007ffaf60c5000 	D:\java\bin\nio.dll
0x00007ffaf6090000 - 0x00007ffaf60a8000 	D:\java\bin\zip.dll
0x00007ffade6e0000 - 0x00007ffade86f000 	D:\java\bin\awt.dll
0x00007ffb00e70000 - 0x00007ffb00f3d000 	C:\Windows\System32\OLEAUT32.dll
0x00007ffafc830000 - 0x00007ffafc8c0000 	C:\Windows\SYSTEM32\apphelp.dll
0x00007ffafcbc0000 - 0x00007ffafcbef000 	C:\Windows\system32\DWMAPI.DLL
0x00007ffafc9b0000 - 0x00007ffafca4e000 	C:\Windows\system32\uxtheme.dll
0x00007ffaeaa00000 - 0x00007ffaeab25000 	C:\Windows\system32\opengl32.dll
0x00007ffaf4a50000 - 0x00007ffaf4a7c000 	C:\Windows\SYSTEM32\GLU32.dll
0x00007ffb002e0000 - 0x00007ffb003f6000 	C:\Windows\System32\MSCTF.dll
0x00007ffb00000000 - 0x00007ffb0012a000 	C:\Windows\System32\ole32.dll
0x00007ffafeab0000 - 0x00007ffafeac2000 	C:\Windows\SYSTEM32\msasn1.dll
0x00007ffaf9390000 - 0x00007ffaf93c1000 	C:\Windows\SYSTEM32\cryptnet.dll
0x00007ffafefa0000 - 0x00007ffaff0f6000 	C:\Windows\System32\CRYPT32.dll
0x00007ffafe870000 - 0x00007ffafe87c000 	C:\Windows\SYSTEM32\cryptbase.dll
0x00007ffaff6e0000 - 0x00007ffaff749000 	C:\Windows\System32\WINTRUST.DLL
0x00007ffaffb70000 - 0x00007ffaffb8d000 	C:\Windows\System32\imagehlp.dll
0x00007ffafe880000 - 0x00007ffafe898000 	C:\Windows\SYSTEM32\CRYPTSP.dll
0x00007ffafe000000 - 0x00007ffafe034000 	C:\Windows\system32\rsaenh.dll
0x00007ffaff100000 - 0x00007ffaff127000 	C:\Windows\System32\bcrypt.dll
0x00007ffafa440000 - 0x00007ffafa47b000 	C:\Windows\SYSTEM32\dxcore.dll
0x00007ffaff890000 - 0x00007ffaff8de000 	C:\Windows\System32\cfgmgr32.dll

dbghelp: loaded successfully - version: 4.0.5 - missing functions: none
symbol engine: initialized successfully - sym options: 0x614 - pdb path: .;D:\java\bin;C:\Windows\SYSTEM32;C:\Windows\WinSxS\amd64_microsoft.windows.common-controls_6595b64144ccf1df_6.0.19041.1110_none_60b5254171f9507e;D:\java\bin\server

VM Arguments:
jvm_args: -Dfile.encoding=GBK --module-path=D:\mysql\mysql-connector-java-8.0.26\mysql-connector-java-8.0.26.jar -XX:+ShowCodeDetailsInExceptionMessages 
java_command: bigwork.longin
java_class_path (initial): D:\eclipse软件\java文件\刘星雨数据结构大作业\bin
Launcher Type: SUN_STANDARD

[Global flags]
     intx CICompilerCount                          = 4                                         {product} {ergonomic}
     uint ConcGCThreads                            = 3                                         {product} {ergonomic}
     uint G1ConcRefinementThreads                  = 10                                        {product} {ergonomic}
   size_t G1HeapRegionSize                         = 1048576                                   {product} {ergonomic}
    uintx GCDrainStackTargetSize                   = 64                                        {product} {ergonomic}
   size_t InitialHeapSize                          = 134217728                                 {product} {ergonomic}
   size_t MarkStackSize                            = 4194304                                   {product} {ergonomic}
   size_t MaxHeapSize                              = 2134900736                                {product} {ergonomic}
   size_t MaxNewSize                               = 1280311296                                {product} {ergonomic}
   size_t MinHeapDeltaBytes                        = 1048576                                   {product} {ergonomic}
   size_t MinHeapSize                              = 8388608                                   {product} {ergonomic}
    uintx NonNMethodCodeHeapSize                   = 5839372                                {pd product} {ergonomic}
    uintx NonProfiledCodeHeapSize                  = 122909434                              {pd product} {ergonomic}
    uintx ProfiledCodeHeapSize                     = 122909434                              {pd product} {ergonomic}
    uintx ReservedCodeCacheSize                    = 251658240                              {pd product} {ergonomic}
     bool SegmentedCodeCache                       = true                                      {product} {ergonomic}
     bool ShowCodeDetailsInExceptionMessages       = true                                   {manageable} {command line}
   size_t SoftMaxHeapSize                          = 2134900736                             {manageable} {ergonomic}
     bool UseCompressedClassPointers               = true                           {product lp64_product} {ergonomic}
     bool UseCompressedOops                        = true                           {product lp64_product} {ergonomic}
     bool UseG1GC                                  = true                                      {product} {ergonomic}
     bool UseLargePagesIndividualAllocation        = false                                  {pd product} {ergonomic}

Logging:
Log output configuration:
 #0: stdout all=warning uptime,level,tags
 #1: stderr all=off uptime,level,tags

Environment Variables:
CLASSPATH=;%JAVA_HOME%\lib;%JAVA_HOME%\lib\tools.jar
PATH=C:\Program Files\Common Files\Oracle\Java\javapath;D:\VMware Workstation16\bin\;C:\ProgramData\Oracle\Java\javapath;C:\Windows\system32;C:\Windows;C:\Windows\System32\Wbem;C:\Windows\System32\WindowsPowerShell\v1.0\;C:\Windows\System32\OpenSSH\;C:\Program Files (x86)\NVIDIA Corporation\PhysX\Common;C:\Program Files\NVIDIA Corporation\NVIDIA NvDLISR;C:\Program Files\dotnet\;C:\Program Files\Microsoft SQL Server\130\Tools\Binn\;C:\Program Files\Microsoft SQL Server\Client SDK\ODBC\170\Tools\Binn\;G:\数学建模Matlab\Lingo\;G:\;rogram Files\Polyspace\R2021a\runtime\win64;G:\Program Files\Polyspace\R2021a\bin;G:\Program Files\Polyspace\R2021a\polyspace\bin;D:\mysql\mysql-8.0.26-winx64\bin;C:\Program Files\Microsoft SQL Server\90\Shared\sqlwriter.exe;D:\git\Git\cmd;C:\Program Files\Google\Chrome\Application;;D:\git\Git LFS;C:\Program Files (x86)\STMicroelectronics\STM32 ST-LINK Utility\ST-LINK Utility;D:\git\Git LFS\Git LFS;C:\Users\king\AppData\Local\Programs\Python\Python39\Scripts\;C:\Users\king\AppData\Local\Programs\Python\Python39\;C:\Users\king\AppData\Local\Programs\Python\Python36\Scripts\;C:\Users\king\AppData\Local\Programs\Python\Python36\;C:\Users\king\AppData\Local\Microsoft\WindowsApps;C:\Users\king\.dotnet\tools
USERNAME=king
OS=Windows_NT
PROCESSOR_IDENTIFIER=AMD64 Family 23 Model 8 Stepping 2, AuthenticAMD



---------------  S Y S T E M  ---------------

OS:
 Windows 10 , 64 bit Build 19041 (10.0.19041.1503)
OS uptime: 2 days 19:39 hours

CPU: total 12 (initial active 12) (12 cores per cpu, 2 threads per core) family 23 model 8 stepping 2 microcode 0x0, cx8, cmov, fxsr, ht, mmx, 3dnowpref, sse, sse2, sse3, ssse3, sse4a, sse4.1, sse4.2, popcnt, lzcnt, tsc, tscinvbit, avx, avx2, aes, clmul, bmi1, bmi2, adx, sha, fma, vzeroupper, clflush, clflushopt

Memory: 4k page, system-wide physical 8143M (740M free)
TotalPageFile size 22506M (AvailPageFile size 1M)
current process WorkingSet (physical memory assigned to process): 51M, peak: 51M
current process commit charge ("private bytes"): 223M, peak: 224M

vm_info: Java HotSpot(TM) 64-Bit Server VM (17.0.1+12-LTS-39) for windows-amd64 JRE (17.0.1+12-LTS-39), built on Sep 27 2021 18:41:35 by "mach5one" with MS VC++ 16.8 (VS2019)

END.
