#
# There is insufficient memory for the Java Runtime Environment to continue.
# Native memory allocation (mmap) failed to map 134217728 bytes for G1 virtual space
# Possible reasons:
#   The system is out of physical RAM or swap space
#   The process is running with CompressedOops enabled, and the Java Heap may be blocking the growth of the native heap
# Possible solutions:
#   Reduce memory load on the system
#   Increase physical memory or swap space
#   Check if swap backing store is full
#   Decrease Java heap size (-Xmx/-Xms)
#   Decrease number of Java threads
#   Decrease Java thread stack sizes (-Xss)
#   Set larger code cache with -XX:ReservedCodeCacheSize=
#   JVM is running with Unscaled Compressed Oops mode in which the Java heap is
#     placed in the first 4GB address space. The Java Heap base address is the
#     maximum limit for the native heap growth. Please use -XX:HeapBaseMinAddress
#     to set the Java Heap base and to place the Java Heap above 4GB virtual address.
# This output file may be truncated or incomplete.
#
#  Out of Memory Error (os_windows.cpp:3469), pid=20460, tid=15404
#
# JRE version:  (17.0.1+12) (build )
# Java VM: Java HotSpot(TM) 64-Bit Server VM (17.0.1+12-LTS-39, mixed mode, sharing, tiered, compressed oops, compressed class ptrs, g1 gc, windows-amd64)
# No core dump will be written. Minidumps are not enabled by default on client versions of Windows
#

---------------  S U M M A R Y ------------

Command Line: -Dfile.encoding=GBK -XX:+ShowCodeDetailsInExceptionMessages bigwork.longin

Host: AMD Ryzen 5 2600 Six-Core Processor            , 12 cores, 7G,  Windows 10 , 64 bit Build 19041 (10.0.19041.1503)
Time: Tue Feb 22 15:36:09 2022  Windows 10 , 64 bit Build 19041 (10.0.19041.1503) elapsed time: 0.016728 seconds (0d 0h 0m 0s)

---------------  T H R E A D  ---------------

Current thread (0x0000021e3f9d90e0):  JavaThread "Unknown thread" [_thread_in_vm, id=15404, stack(0x000000a17b800000,0x000000a17b900000)]

Stack: [0x000000a17b800000,0x000000a17b900000]
Native frames: (J=compiled Java code, j=interpreted, Vv=VM code, C=native code)
V  [jvm.dll+0x66fa1a]
V  [jvm.dll+0x7ce5a4]
V  [jvm.dll+0x7cfd4e]
V  [jvm.dll+0x7d03b3]
V  [jvm.dll+0x242b05]
V  [jvm.dll+0x66ca39]
V  [jvm.dll+0x661502]
V  [jvm.dll+0x30081b]
V  [jvm.dll+0x307da6]
V  [jvm.dll+0x357a1e]
V  [jvm.dll+0x357c4f]
V  [jvm.dll+0x2d7ad8]
V  [jvm.dll+0x2d8a44]
V  [jvm.dll+0x7a01e1]
V  [jvm.dll+0x365791]
V  [jvm.dll+0x77f6cc]
V  [jvm.dll+0x3e812f]
V  [jvm.dll+0x3e9bd1]
C  [jli.dll+0x527b]
C  [ucrtbase.dll+0x21bb2]
C  [KERNEL32.DLL+0x17034]
C  [ntdll.dll+0x52651]


---------------  P R O C E S S  ---------------

Threads class SMR info:
_java_thread_list=0x00007ffab3247818, length=0, elements={
}

Java Threads: ( => current thread )

Other Threads:
  0x0000021e3fa17cf0 GCTaskThread "GC Thread#0" [stack: 0x000000a17b900000,0x000000a17ba00000] [id=19216]
  0x0000021e3fa29250 ConcurrentGCThread "G1 Main Marker" [stack: 0x000000a17ba00000,0x000000a17bb00000] [id=3396]
  0x0000021e3fa2ac70 ConcurrentGCThread "G1 Conc#0" [stack: 0x000000a17bb00000,0x000000a17bc00000] [id=18788]

[error occurred during error reporting (printing all threads), id 0xc0000005, EXCEPTION_ACCESS_VIOLATION (0xc0000005) at pc=0x00007ffab2a984b7]

VM state: not at safepoint (not fully initialized)

VM Mutex/Monitor currently owned by a thread:  ([mutex/lock_event])
[0x0000021e3f9d5240] Heap_lock - owner thread: 0x0000021e3f9d90e0

Heap address: 0x0000000080c00000, size: 2036 MB, Compressed Oops mode: 32-bit

CDS archive(s) mapped at: [0x0000000000000000-0x0000000000000000-0x0000000000000000), size 0, SharedBaseAddress: 0x0000000800000000, ArchiveRelocationMode: 0.
Narrow klass base: 0x0000000000000000, Narrow klass shift: 0, Narrow klass range: 0x0

GC Precious Log:
<Empty>

Heap:
 garbage-first heap   total 0K, used 0K [0x0000000080c00000, 0x0000000100000000)
  region size 1024K, 0 young (0K), 0 survivors (0K)

[error occurred during error reporting (printing heap information), id 0xc0000005, EXCEPTION_ACCESS_VIOLATION (0xc0000005) at pc=0x00007ffab2e78d89]

GC Heap History (0 events):
No events

Deoptimization events (0 events):
No events

Classes unloaded (0 events):
No events

Classes redefined (0 events):
No events

Internal exceptions (0 events):
No events

VM Operations (0 events):
No events

Events (1 events):
Event: 0.011 Loaded shared library D:\java\bin\java.dll


Dynamic libraries:
0x00007ff79e5b0000 - 0x00007ff79e5c0000 	D:\java\bin\javaw.exe
0x00007ffb01890000 - 0x00007ffb01a85000 	C:\Windows\SYSTEM32\ntdll.dll
0x00007ffaffd90000 - 0x00007ffaffe4e000 	C:\Windows\System32\KERNEL32.DLL
0x00007ffaff260000 - 0x00007ffaff528000 	C:\Windows\System32\KERNELBASE.dll
0x00007ffaff160000 - 0x00007ffaff260000 	C:\Windows\System32\ucrtbase.dll
0x00007ffafa080000 - 0x00007ffafa098000 	D:\java\bin\jli.dll
0x00007ffaffe60000 - 0x00007ffafff0e000 	C:\Windows\System32\ADVAPI32.dll
0x00007ffaf8440000 - 0x00007ffaf845a000 	D:\java\bin\VCRUNTIME140.dll
0x00007ffb00230000 - 0x00007ffb002ce000 	C:\Windows\System32\msvcrt.dll
0x00007ffb00190000 - 0x00007ffb0022c000 	C:\Windows\System32\sechost.dll
0x00007ffb01720000 - 0x00007ffb01845000 	C:\Windows\System32\RPCRT4.dll
0x00007ffb00580000 - 0x00007ffb00720000 	C:\Windows\System32\USER32.dll
0x00007ffaff130000 - 0x00007ffaff152000 	C:\Windows\System32\win32u.dll
0x00007ffaff990000 - 0x00007ffaff9bb000 	C:\Windows\System32\GDI32.dll
0x00007ffaff530000 - 0x00007ffaff63d000 	C:\Windows\System32\gdi32full.dll
0x00007ffaf6e60000 - 0x00007ffaf70fa000 	C:\Windows\WinSxS\amd64_microsoft.windows.common-controls_6595b64144ccf1df_6.0.19041.1110_none_60b5254171f9507e\COMCTL32.dll
0x00007ffaff640000 - 0x00007ffaff6dd000 	C:\Windows\System32\msvcp_win.dll
0x00007ffaf9550000 - 0x00007ffaf955a000 	C:\Windows\SYSTEM32\VERSION.dll
0x00007ffb00400000 - 0x00007ffb00430000 	C:\Windows\System32\IMM32.DLL
0x00007ffafc650000 - 0x00007ffafc65c000 	D:\java\bin\vcruntime140_1.dll
0x00007ffaec500000 - 0x00007ffaec58d000 	D:\java\bin\msvcp140.dll
0x00007ffab27b0000 - 0x00007ffab336e000 	D:\java\bin\server\jvm.dll
0x00007ffb002d0000 - 0x00007ffb002d8000 	C:\Windows\System32\PSAPI.DLL
0x00007ffaf20b0000 - 0x00007ffaf20d7000 	C:\Windows\SYSTEM32\WINMM.dll
0x00007ffaebb70000 - 0x00007ffaebb79000 	C:\Windows\SYSTEM32\WSOCK32.dll
0x00007ffb00490000 - 0x00007ffb004fb000 	C:\Windows\System32\WS2_32.dll
0x00007ffafceb0000 - 0x00007ffafcec2000 	C:\Windows\SYSTEM32\kernel.appcore.dll
0x00007ffaf8430000 - 0x00007ffaf843a000 	D:\java\bin\jimage.dll
0x00007ffaefa10000 - 0x00007ffaefbf4000 	C:\Windows\SYSTEM32\DBGHELP.DLL
0x00007ffaee920000 - 0x00007ffaee94c000 	C:\Windows\SYSTEM32\dbgcore.DLL
0x00007ffaff750000 - 0x00007ffaff7d2000 	C:\Windows\System32\bcryptPrimitives.dll
0x00007ffaf62e0000 - 0x00007ffaf6305000 	D:\java\bin\java.dll

dbghelp: loaded successfully - version: 4.0.5 - missing functions: none
symbol engine: initialized successfully - sym options: 0x614 - pdb path: .;D:\java\bin;C:\Windows\SYSTEM32;C:\Windows\WinSxS\amd64_microsoft.windows.common-controls_6595b64144ccf1df_6.0.19041.1110_none_60b5254171f9507e;D:\java\bin\server

VM Arguments:
jvm_args: -Dfile.encoding=GBK -XX:+ShowCodeDetailsInExceptionMessages 
java_command: bigwork.longin
java_class_path (initial): D:\eclipse软件\java文件\刘星雨数据结构大作业\bin
Launcher Type: SUN_STANDARD

[Global flags]
     intx CICompilerCount                          = 4                                         {product} {ergonomic}
     uint ConcGCThreads                            = 3                                         {product} {ergonomic}
     uint G1ConcRefinementThreads                  = 10                                        {product} {ergonomic}
   size_t G1HeapRegionSize                         = 1048576                                   {product} {ergonomic}
    uintx GCDrainStackTargetSize                   = 64                                        {product} {ergonomic}
   size_t InitialHeapSize                          = 134217728                                 {product} {ergonomic}
   size_t MarkStackSize                            = 4194304                                   {product} {ergonomic}
   size_t MaxHeapSize                              = 2134900736                                {product} {ergonomic}
   size_t MinHeapDeltaBytes                        = 1048576                                   {product} {ergonomic}
   size_t MinHeapSize                              = 8388608                                   {product} {ergonomic}
    uintx NonNMethodCodeHeapSize                   = 5839372                                {pd product} {ergonomic}
    uintx NonProfiledCodeHeapSize                  = 122909434                              {pd product} {ergonomic}
    uintx ProfiledCodeHeapSize                     = 122909434                              {pd product} {ergonomic}
    uintx ReservedCodeCacheSize                    = 251658240                              {pd product} {ergonomic}
     bool SegmentedCodeCache                       = true                                      {product} {ergonomic}
     bool ShowCodeDetailsInExceptionMessages       = true                                   {manageable} {command line}
   size_t SoftMaxHeapSize                          = 2134900736                             {manageable} {ergonomic}
     bool UseCompressedClassPointers               = true                           {product lp64_product} {ergonomic}
     bool UseCompressedOops                        = true                           {product lp64_product} {ergonomic}
     bool UseG1GC                                  = true                                      {product} {ergonomic}
     bool UseLargePagesIndividualAllocation        = false                                  {pd product} {ergonomic}

Logging:
Log output configuration:
 #0: stdout all=warning uptime,level,tags
 #1: stderr all=off uptime,level,tags

Environment Variables:
CLASSPATH=;%JAVA_HOME%\lib;%JAVA_HOME%\lib\tools.jar
PATH=C:\Program Files\Common Files\Oracle\Java\javapath;D:\VMware Workstation16\bin\;C:\ProgramData\Oracle\Java\javapath;C:\Windows\system32;C:\Windows;C:\Windows\System32\Wbem;C:\Windows\System32\WindowsPowerShell\v1.0\;C:\Windows\System32\OpenSSH\;C:\Program Files (x86)\NVIDIA Corporation\PhysX\Common;C:\Program Files\NVIDIA Corporation\NVIDIA NvDLISR;C:\Program Files\dotnet\;C:\Program Files\Microsoft SQL Server\130\Tools\Binn\;C:\Program Files\Microsoft SQL Server\Client SDK\ODBC\170\Tools\Binn\;G:\数学建模Matlab\Lingo\;G:\;rogram Files\Polyspace\R2021a\runtime\win64;G:\Program Files\Polyspace\R2021a\bin;G:\Program Files\Polyspace\R2021a\polyspace\bin;D:\mysql\mysql-8.0.26-winx64\bin;C:\Program Files\Microsoft SQL Server\90\Shared\sqlwriter.exe;D:\git\Git\cmd;C:\Program Files\Google\Chrome\Application;;D:\git\Git LFS;C:\Program Files (x86)\STMicroelectronics\STM32 ST-LINK Utility\ST-LINK Utility;D:\git\Git LFS\Git LFS;C:\Users\king\AppData\Local\Programs\Python\Python39\Scripts\;C:\Users\king\AppData\Local\Programs\Python\Python39\;C:\Users\king\AppData\Local\Programs\Python\Python36\Scripts\;C:\Users\king\AppData\Local\Programs\Python\Python36\;C:\Users\king\AppData\Local\Microsoft\WindowsApps;C:\Users\king\.dotnet\tools
USERNAME=king
OS=Windows_NT
PROCESSOR_IDENTIFIER=AMD64 Family 23 Model 8 Stepping 2, AuthenticAMD



---------------  S Y S T E M  ---------------

OS:
 Windows 10 , 64 bit Build 19041 (10.0.19041.1503)
OS uptime: 2 days 15:08 hours

CPU: total 12 (initial active 12) (12 cores per cpu, 2 threads per core) family 23 model 8 stepping 2 microcode 0x0, cx8, cmov, fxsr, ht, mmx, 3dnowpref, sse, sse2, sse3, ssse3, sse4a, sse4.1, sse4.2, popcnt, lzcnt, tsc, tscinvbit, avx, avx2, aes, clmul, bmi1, bmi2, adx, sha, fma, vzeroupper, clflush, clflushopt

Memory: 4k page, system-wide physical 8143M (750M free)
TotalPageFile size 22478M (AvailPageFile size 38M)
current process WorkingSet (physical memory assigned to process): 10M, peak: 10M
current process commit charge ("private bytes"): 64M, peak: 192M

vm_info: Java HotSpot(TM) 64-Bit Server VM (17.0.1+12-LTS-39) for windows-amd64 JRE (17.0.1+12-LTS-39), built on Sep 27 2021 18:41:35 by "mach5one" with MS VC++ 16.8 (VS2019)

END.
